EOY: 2019/11/26 19:22:08 Drive: start
EOY: 2019/11/26 19:22:08 Stats: start
EOY: 2019/11/26 19:22:08 Activity: start
EOY: 2019/11/26 19:22:08 Form: start
EOY: 2019/11/26 19:22:08 Supporter: start
EOY: 2019/11/26 19:22:08 Transaction: start
EOY: 2019/11/26 19:22:09 Drive: chan 0, 101b8278-52ec-4e7e-99ee-a734bcdb2084
EOY: 2019/11/26 19:22:09 Drive: chan 1, 101b8278-52ec-4e7e-99ee-a734bcdb2084
EOY: 2019/11/26 19:22:09 Activity: 101b8278-52ec-4e7e-99ee-a734bcdb2084
EOY: 2019/11/26 19:22:09 Drive: chan 2, 101b8278-52ec-4e7e-99ee-a734bcdb2084
EOY: 2019/11/26 19:22:09 Drive: chan 3, 101b8278-52ec-4e7e-99ee-a734bcdb2084
EOY: 2019/11/26 19:22:09 Drive: chan 4, 101b8278-52ec-4e7e-99ee-a734bcdb2084
EOY: 2019/11/26 19:22:09 Stats: 101b8278-52ec-4e7e-99ee-a734bcdb2084
EOY: 2019/11/26 19:22:09 Form: 101b8278-52ec-4e7e-99ee-a734bcdb2084
EOY: 2019/11/26 19:22:09 Supporter: 101b8278-52ec-4e7e-99ee-a734bcdb2084
EOY: 2019/11/26 19:22:09 Transaction: 101b8278-52ec-4e7e-99ee-a734bcdb2084
EOY: 2019/11/26 19:22:09 Activity: 16fedd1f-c739-498a-b507-a25e8ec9be9d
EOY: 2019/11/26 19:22:09 Drive: chan 0, 16fedd1f-c739-498a-b507-a25e8ec9be9d
EOY: 2019/11/26 19:22:09 Form: end
EOY: 2019/11/26 19:22:09 Form: 16fedd1f-c739-498a-b507-a25e8ec9be9d
EOY: 2019/11/26 19:22:09 Drive: chan 1, 16fedd1f-c739-498a-b507-a25e8ec9be9d
EOY: 2019/11/26 19:22:09 Drive: chan 2, 16fedd1f-c739-498a-b507-a25e8ec9be9d
EOY: 2019/11/26 19:22:09 Stats: 16fedd1f-c739-498a-b507-a25e8ec9be9d
EOY: 2019/11/26 19:22:09 Form: end
EOY: 2019/11/26 19:22:09 Supporter: 16fedd1f-c739-498a-b507-a25e8ec9be9d
EOY: 2019/11/26 19:22:09 Drive: chan 3, 16fedd1f-c739-498a-b507-a25e8ec9be9d
